LOGIN:tenuki OK
BEGIN Game_Summary
Protocol_Version:1.2
Protocol_Mode:Server
Format:Shogi 1.0
Declaration:Jishogi 1.1
Game_ID:WCSC34+L7_30-900-5F+katsudon+tenuki+20240503162554
Name+:katsudon
Name-:tenuki
Your_Turn:-
Rematch_On_Draw:NO
To_Move:+
Max_Moves:320
BEGIN Time
Time_Unit:1sec
Total_Time:900
Increment:5
END Time
BEGIN Position
P1-KY-KE-GI-KI-OU-KI-GI-KE-KY
P2 * -HI *  *  *  *  * -KA * 
P3-FU-FU-FU-FU-FU-FU-FU-FU-FU
P4 *  *  *  *  *  *  *  *  * 
P5 *  *  *  *  *  *  *  *  * 
P6 *  *  *  *  *  *  *  *  * 
P7+FU+FU+FU+FU+FU+FU+FU+FU+FU
P8 * +KA *  *  *  *  * +HI * 
P9+KY+KE+GI+KI+OU+KI+GI+KE+KY
P+
P-
+
END Position
END Game_Summary
START:WCSC34+L7_30-900-5F+katsudon+tenuki+20240503162554
+7776FU,T10
-3334FU,T0
+6978KI,T10
-4344FU,T0
+3948GI,T10
-8242HI,T0
+9796FU,T10
-9394FU,T15
+4746FU,T10
-2233KA,T15
+3736FU,T10
-4445FU,T26
+4645FU,T10
-4245HI,T15
+2937KE,T10
-4542HI,T15
+4938KI,T10
-3388UM,T15
+7988GI,T10
-3435FU,T15
+0015KA,T10
-5162OU,T15
+1542UM,T10
-3142GI,T15
+3847KI,T10
-3536FU,T29
+4736KI,T10
-0014KA,T17
+0026HI,T10
-1436KA,T16
+2636HI,T10
-0014KA,T15
+0025KA,T10
-1425KA,T15
+3725KE,T10
-0035FU,T18
+3639HI,T10
-0064KA,T15
+0046FU,T10
-6446KA,T15
+0037KA,T10
-4637UM,T15
+4837GI,T10
-0047KA,T19
+5968OU,T10
-4725UM,T15
+0065KA,T10
-2133KE,T15
+0043FU,T10
-2543UM,T17
+6543UM,T10
-4243GI,T15
+0065KA,T10
-4352GI,T15
+2838HI,T10
-7172GI,T15
+3949HI,T10
-6364FU,T26
+6521UM,T10
-0047FU,T33
+4929HI,T10
-3325KE,T22
+3726GI,T4
-0036KE,T15
+2625GI,T4
-4748TO,T15
+3818HI,T4
-0028KI,T26
+2979HI,T4
-4858TO,T17
+6877OU,T4
-2818KI,T22
+1918KY,T4
-6271OU,T22
+2111UM,T4
-0048HI,T15
+0075KE,T4
-7374FU,T15
+7583NK,T4
-7283GI,T15
+8786FU,T4
-4818RY,T15
+0045KY,T4
-0042FU,T15
+1155UM,T4
-0082KY,T15
+0043FU,T4
-4243FU,T15
+7787OU,T4
-5868TO,T15
+7868KI,T4
-1868RY,T15
+0044FU,T4
-0085FU,T15
+8685FU,T4
-0086FU,T15
+8786OU,T4
-0046KA,T15
+5577UM,T4
-4657UM,T15
+4443TO,T4
-6879RY,T15
+8879GI,T4
-5779UM,T15
+4352TO,T4
-4152KI,T15
+0078KI,T4
-7989UM,T15
+0043GI,T4
-5262KI,T15
+0049HI,T4
-8978UM,T15
+7778UM,T4
-0058HI,T22
+7877UM,T4
-0065KE,T20
+0033KA,T4
-6577KE,T15
+4989HI,T4
-7789NK,T21
+3377UM,T4
-0059KA,T20
+9695FU,T0
-7172OU,T18
+7759UM,T4
-0088HI,T15
+0087KA,T4
-5859RY,T25
+2536GI,T1
-0075GI,T16
+7675FU,T4
-0076KI,T29
+8676OU,T0
-5956RY,T16
+0066KI,T0
-0065KA,T15
+7677OU,T0
-6587UM,T15
%TORYO
T0
#RESIGN
#WIN
