LOGIN:tenuki OK
BEGIN Game_Summary
Protocol_Version:1.2
Protocol_Mode:Server
Format:Shogi 1.0
Declaration:Jishogi 1.1
Game_ID:WCSC34+L8_27-900-5F+Nanoha2024+tenuki+20240503173537
Name+:Nanoha2024
Name-:tenuki
Your_Turn:-
Rematch_On_Draw:NO
To_Move:+
Max_Moves:320
BEGIN Time
Time_Unit:1sec
Total_Time:900
Increment:5
END Time
BEGIN Position
P1-KY-KE-GI-KI-OU-KI-GI-KE-KY
P2 * -HI *  *  *  *  * -KA * 
P3-FU-FU-FU-FU-FU-FU-FU-FU-FU
P4 *  *  *  *  *  *  *  *  * 
P5 *  *  *  *  *  *  *  *  * 
P6 *  *  *  *  *  *  *  *  * 
P7+FU+FU+FU+FU+FU+FU+FU+FU+FU
P8 * +KA *  *  *  *  * +HI * 
P9+KY+KE+GI+KI+OU+KI+GI+KE+KY
P+
P-
+
END Position
END Game_Summary
START:WCSC34+L8_27-900-5F+Nanoha2024+tenuki+20240503173537
+7776FU,T0
-8384FU,T0
+2726FU,T0
-3334FU,T0
+2625FU,T0
-8485FU,T0
+6978KI,T0
-4132KI,T0
+2524FU,T0
-2324FU,T0
+2824HI,T0
-8586FU,T0
+8786FU,T0
-8286HI,T0
+2434HI,T0
-2288UM,T0
+7988GI,T0
-0028FU,T0
+3928GI,T0
-0045KA,T0
+0087FU,T0
-8676HI,T0
+8877GI,T0
-4534KA,T0
+7776GI,T0
-0088FU,T0
+8977KE,T87
-8889TO,T0
+0022FU,T82
-3122GI,T15
+7765KE,T9
-8988TO,T15
+6553KE,T17
-3231KI,T15
+5361NK,T26
-5161OU,T15
+0072FU,T9
-6172OU,T19
+0051HI,T15
-0089HI,T15
+0079FU,T18
-3142KI,T21
+0061KA,T26
-7262OU,T15
+0052KI,T0
-4252KI,T15
+5152RY,T0
%TORYO
T0
#RESIGN
#LOSE
