LOGIN:tenuki OK
BEGIN Game_Summary
Protocol_Version:1.2
Protocol_Mode:Server
Format:Shogi 1.0
Declaration:Jishogi 1.1
Game_ID:WCSC34+L6_30-900-5F+bakuretsu+tenuki+20240503153110
Name+:bakuretsu
Name-:tenuki
Your_Turn:-
Rematch_On_Draw:NO
To_Move:+
Max_Moves:320
BEGIN Time
Time_Unit:1sec
Total_Time:900
Increment:5
END Time
BEGIN Position
P1-KY-KE-GI-KI-OU-KI-GI-KE-KY
P2 * -HI *  *  *  *  * -KA * 
P3-FU-FU-FU-FU-FU-FU-FU-FU-FU
P4 *  *  *  *  *  *  *  *  * 
P5 *  *  *  *  *  *  *  *  * 
P6 *  *  *  *  *  *  *  *  * 
P7+FU+FU+FU+FU+FU+FU+FU+FU+FU
P8 * +KA *  *  *  *  * +HI * 
P9+KY+KE+GI+KI+OU+KI+GI+KE+KY
P+
P-
+
END Position
END Game_Summary
START:WCSC34+L6_30-900-5F+bakuretsu+tenuki+20240503153110
+2726FU,T0
-3334FU,T0
+2625FU,T0
-2233KA,T0
+2524FU,T0
-2324FU,T15
+7776FU,T0
-8222HI,T15
+8833KA,T2
-2133KE,T15
+6968KI,T34
-4132KI,T15
+8977KE,T17
-2425FU,T15
+7765KE,T30
-6162KI,T16
+0086KA,T34
-3142GI,T15
+6766FU,T4
-2526FU,T15
+3938GI,T4
-0045KA,T15
+8677KA,T6
-2627TO,T15
+3827GI,T1
-4527UM,T15
+2827HI,T3
-2227RY,T15
+4939KI,T31
-0028FU,T19
+0018KA,T36
-2725RY,T18
+1836KA,T10
-2521RY,T15
+5958OU,T27
-2829TO,T15
+0022FU,T26
-2122RY,T15
+3938KI,T36
-2919TO,T34
+3839KI,T37
-3435FU,T16
+6553NK,T22
-4253GI,T15
+3663KA,T20
-6263KI,T15
+6665FU,T35
-0067FU,T19
+6867KI,T21
-0018HI,T20
+0028FU,T3
-2228RY,T15
+3928KI,T2
-1828RY,T15
+0048HI,T20
-0038KI,T27
+7733KA,T3
-3233KI,T15
+4838HI,T4
-2838RY,T15
+5869OU,T41
-0058KA,T15
+6978OU,T39
-0069GI,T15
+7877OU,T24
-0055KA,T21
+0066KI,T12
-0074KE,T22
+7675FU,T40
-7466KE,T15
+9796FU,T37
-0085KI,T14
+7788OU,T38
-5867UM,T15
+8897OU,T2
-0089HI,T15
+5756FU,T0
-8999RY,T15
+0098KE,T0
-3898RY,T15
%TORYO
T0
#RESIGN
#WIN
