LOGIN:tenuki OK
BEGIN Game_Summary
Protocol_Version:1.2
Protocol_Mode:Server
Format:Shogi 1.0
Declaration:Jishogi 1.1
Game_ID:WCSC34+L3_30-900-5F+tenuki+auaushogi+20240503115156
Name+:tenuki
Name-:auaushogi
Your_Turn:+
Rematch_On_Draw:NO
To_Move:+
Max_Moves:320
BEGIN Time
Time_Unit:1sec
Total_Time:900
Increment:5
END Time
BEGIN Position
P1-KY-KE-GI-KI-OU-KI-GI-KE-KY
P2 * -HI *  *  *  *  * -KA * 
P3-FU-FU-FU-FU-FU-FU-FU-FU-FU
P4 *  *  *  *  *  *  *  *  * 
P5 *  *  *  *  *  *  *  *  * 
P6 *  *  *  *  *  *  *  *  * 
P7+FU+FU+FU+FU+FU+FU+FU+FU+FU
P8 * +KA *  *  *  *  * +HI * 
P9+KY+KE+GI+KI+OU+KI+GI+KE+KY
P+
P-
+
END Position
END Game_Summary
START:WCSC34+L3_30-900-5F+tenuki+auaushogi+20240503115156
+2726FU,T0
-1314FU,T0
+7776FU,T15
-1415FU,T0
+2625FU,T15
-6162KI,T0
+2524FU,T15
-2324FU,T0
+5968OU,T25
-3334FU,T0
+6878OU,T17
-6261KI,T1
+2824HI,T15
-8232HI,T3
+2428HI,T15
-2288UM,T1
+7988GI,T15
-3222HI,T23
+0023FU,T15
-2232HI,T6
+0022KA,T20
-0033KA,T6
+2233UM,T15
-2133KE,T6
+0022KA,T23
-1112KY,T5
+2211UM,T15
-0044KA,T4
+2322TO,T15
-3122GI,T3
+1122UM,T17
-0027FU,T3
+2232UM,T17
-4132KI,T1
+0011HI,T18
-0041KA,T1
+2858HI,T15
-2728TO,T0
+3928GI,T15
-0021FU,T3
+1121RY,T15
-3345KE,T1
+2112RY,T15
-1516FU,T3
+0046KY,T15
-1617TO,T1
+4645KY,T15
-1728TO,T3
+4544KY,T15
-2829TO,T8
+0033KE,T19
-4344FU,T7
+3341NK,T15
-5141OU,T9
+1221RY,T20
-0031GI,T14
+0023GI,T33
-3223KI,T5
+0032KA,T15
-4142OU,T3
+3223UM,T15
-0032KY,T26
+0043KI,T27
-4243OU,T1
+2131RY,T15
-0033KI,T34
+0041KA,T15
-0066KE,T4
+6766FU,T15
-0067GI,T3
+7867OU,T21
-0055KE,T1
+6778OU,T15
-5354FU,T2
+4959KI,T22
-2919TO,T1
+0065KE,T28
-0077KY,T1
+7877OU,T15
-5567NK,T0
+7767OU,T15
-4445FU,T1
+0056KE,T15
-0026FU,T0
+0044GI,T15
-3344KI,T0
+3132RY,T15
#ILLEGAL_MOVE
#WIN
