LOGIN:tenuki OK
BEGIN Game_Summary
Protocol_Version:1.2
Protocol_Mode:Server
Format:Shogi 1.0
Declaration:Jishogi 1.1
Game_ID:WCSC34+L4_30-900-5F+Haruka+tenuki+20240503133059
Name+:Haruka
Name-:tenuki
Your_Turn:-
Rematch_On_Draw:NO
To_Move:+
Max_Moves:320
BEGIN Time
Time_Unit:1sec
Total_Time:900
Increment:5
END Time
BEGIN Position
P1-KY-KE-GI-KI-OU-KI-GI-KE-KY
P2 * -HI *  *  *  *  * -KA * 
P3-FU-FU-FU-FU-FU-FU-FU-FU-FU
P4 *  *  *  *  *  *  *  *  * 
P5 *  *  *  *  *  *  *  *  * 
P6 *  *  *  *  *  *  *  *  * 
P7+FU+FU+FU+FU+FU+FU+FU+FU+FU
P8 * +KA *  *  *  *  * +HI * 
P9+KY+KE+GI+KI+OU+KI+GI+KE+KY
P+
P-
+
END Position
END Game_Summary
START:WCSC34+L4_30-900-5F+Haruka+tenuki+20240503133059
+2848HI,T0
-8384FU,T0
+1716FU,T0
-8485FU,T15
+5958OU,T0
-8586FU,T15
+8786FU,T0
-8286HI,T15
+6978KI,T0
-0087FU,T15
+7887KI,T0
-8687RY,T15
+3928GI,T0
-0078KI,T15
+7978GI,T0
-8788RY,T15
+5868OU,T0
-0079KA,T15
+6869OU,T0
-7957UM,T15
+0068KI,T0
-5748UM,T15
+4948KI,T0
-0079HI,T15
+6958OU,T0
-7929RY,T15
+0082FU,T2
-2928RY,T15
+8281TO,T13
-0056KE,T15
+8171TO,T9
-2848RY,T15
+5869OU,T0
-0079KI,T15
%TORYO
T0
#RESIGN
#WIN
