LOGIN:tenuki OK
BEGIN Game_Summary
Protocol_Version:1.2
Protocol_Mode:Server
Format:Shogi 1.0
Declaration:Jishogi 1.1
Game_ID:WCSC34+L2_30-900-5F+tenuki+gikou-2024+20240503112522
Name+:tenuki
Name-:gikou-2024
Your_Turn:+
Rematch_On_Draw:NO
To_Move:+
Max_Moves:320
BEGIN Time
Time_Unit:1sec
Total_Time:900
Increment:5
END Time
BEGIN Position
P1-KY-KE-GI-KI-OU-KI-GI-KE-KY
P2 * -HI *  *  *  *  * -KA * 
P3-FU-FU-FU-FU-FU-FU-FU-FU-FU
P4 *  *  *  *  *  *  *  *  * 
P5 *  *  *  *  *  *  *  *  * 
P6 *  *  *  *  *  *  *  *  * 
P7+FU+FU+FU+FU+FU+FU+FU+FU+FU
P8 * +KA *  *  *  *  * +HI * 
P9+KY+KE+GI+KI+OU+KI+GI+KE+KY
P+
P-
+
END Position
END Game_Summary
START:WCSC34+L2_30-900-5F+tenuki+gikou-2024+20240503112522
+2726FU,T0
-8384FU,T15
+2625FU,T0
-8485FU,T18
+6978KI,T0
-4132KI,T15
+9796FU,T0
-7172GI,T15
+3938GI,T21
-9394FU,T9
+5968OU,T0
-1314FU,T29
+1716FU,T0
-5152OU,T28
+2524FU,T0
-2324FU,T34
+2824HI,T0
-0023FU,T33
+2426HI,T0
-7374FU,T32
+3736FU,T34
-3334FU,T25
+3635FU,T18
-3435FU,T25
+1615FU,T36
-1415FU,T24
+7776FU,T15
-8586FU,T15
+8786FU,T15
-8286HI,T14
+0012FU,T29
-1112KY,T23
+0024FU,T17
-2324FU,T23
+2624HI,T15
-2288UM,T14
+7988GI,T15
-0033KA,T22
+0087FU,T15
-8676HI,T13
+2421RY,T15
-3388UM,T13
+7888KI,T15
-0079GI,T13
+6858OU,T28
-7988GI,T13
+2112RY,T18
-7678RY,T20
+0068KE,T18
-8879GI,T12
+4959KI,T31
-7968NG,T20
+5968KI,T15
-0066KE,T12
+6766FU,T15
-0067KI,T12
+5848OU,T15
-7868RY,T12
+4837OU,T27
-0036KI,T19
+3728OU,T15
-0027FU,T11
+2839OU,T15
-6859RY,T11
+0049KE,T18
-6758KI,T18
+0037KA,T15
-3637KI,T18
+2937KE,T15
-5948RY,T17
+3929OU,T15
-5849KI,T10
+0017KA,T16
-0026KE,T17
+0041GI,T15
-5262OU,T10
+1232RY,T23
-3132GI,T10
+0052KI,T15
-6273OU,T16
+0084KI,T15
-7384OU,T10
+0086KY,T15
-8475OU,T10
+3849GI,T15
-0018KI,T9
+1918KY,T15
-2618NK,T9
%TORYO
T0
#RESIGN
#LOSE
