LOGIN:tenuki OK
BEGIN Game_Summary
Protocol_Version:1.2
Protocol_Mode:Server
Format:Shogi 1.0
Declaration:Jishogi 1.1
Game_ID:WCSC34+L5_30-900-5F+tenuki+kyousuke+20240503143033
Name+:tenuki
Name-:kyousuke
Your_Turn:+
Rematch_On_Draw:NO
To_Move:+
Max_Moves:320
BEGIN Time
Time_Unit:1sec
Total_Time:900
Increment:5
END Time
BEGIN Position
P1-KY-KE-GI-KI-OU-KI-GI-KE-KY
P2 * -HI *  *  *  *  * -KA * 
P3-FU-FU-FU-FU-FU-FU-FU-FU-FU
P4 *  *  *  *  *  *  *  *  * 
P5 *  *  *  *  *  *  *  *  * 
P6 *  *  *  *  *  *  *  *  * 
P7+FU+FU+FU+FU+FU+FU+FU+FU+FU
P8 * +KA *  *  *  *  * +HI * 
P9+KY+KE+GI+KI+OU+KI+GI+KE+KY
P+
P-
+
END Position
END Game_Summary
START:WCSC34+L5_30-900-5F+tenuki+kyousuke+20240503143033
+7776FU,T0
-3334FU,T32
+2726FU,T0
-4132KI,T44
+2625FU,T0
-8384FU,T19
+5958OU,T0
-2288UM,T24
+7988GI,T0
-3122GI,T12
+8877GI,T24
-2233GI,T12
+3948GI,T15
-6364FU,T28
+0063KA,T15
-7172GI,T24
+6336UM,T19
-6152KI,T25
+4746FU,T20
-9394FU,T44
+5868OU,T15
-9495FU,T26
+4958KI,T20
-7374FU,T38
+6978KI,T15
-7263GI,T41
+4847GI,T21
-8173KE,T37
+4756GI,T15
-1314FU,T39
+3647UM,T15
-1415FU,T18
+3736FU,T15
-5142OU,T27
+2937KE,T15
-4231OU,T24
+4645FU,T30
-5354FU,T25
+6766FU,T15
-8281HI,T24
+2829HI,T16
-8485FU,T35
+6879OU,T16
-3122OU,T24
+7988OU,T15
-8161HI,T34
+5848KI,T20
-6181HI,T17
+4746UM,T15
-8183HI,T10
+3635FU,T15
-3435FU,T26
+4635UM,T15
-0034FU,T5
+3546UM,T15
-8382HI,T8
+4647UM,T23
-8281HI,T12
+4858KI,T15
-3435FU,T21
+5868KI,T15
-3334GI,T15
+2524FU,T36
-2324FU,T14
+2924HI,T15
-3223KI,T5
+2429HI,T15
-0024FU,T5
+0036FU,T17
-8131HI,T15
+0025FU,T15
-2425FU,T11
+1716FU,T15
-3536FU,T12
+4736UM,T15
-3435GI,T5
+3625UM,T15
-0024FU,T5
+2547UM,T15
-1516FU,T5
+0025FU,T15
-0036FU,T5
+2524FU,T15
-2324KI,T5
+0012FU,T16
-1112KY,T14
+1916KY,T16
-1216KY,T14
+4736UM,T15
-0023FU,T13
+0025FU,T22
-2414KI,T10
+2524FU,T40
-1424KI,T3
+0025FU,T16
-2414KI,T3
+3627UM,T16
-0018KA,T17
+2738UM,T15
-1829UM,T14
+3829UM,T15
-8586FU,T5
+8786FU,T15
-0087FU,T15
+7887KI,T15
-0085FU,T4
+0032FU,T35
-3181HI,T14
+8685FU,T15
-0036FU,T17
+3231TO,T22
-8131HI,T19
+2938UM,T15
-7385KE,T18
+3816UM,T15
-0019HI,T16
+0015FU,T23
-1916RY,T19
+1514FU,T15
-3637TO,T14
+0053KY,T15
-5242KI,T17
+0051KA,T15
-0041KY,T25
+5162UM,T15
-8577NK,T17
+8777KI,T22
-1618RY,T17
+6878KI,T18
-0085KE,T22
+6263UM,T15
-8577NK,T16
+8877OU,T15
-0085FU,T22
+0086FU,T20
-8586FU,T15
+0038FU,T17
-1838RY,T6
+0068KE,T15
-0069KA,T5
+6665FU,T25
-6465FU,T4
+7786OU,T18
-6925UM,T6
+5352NY,T20
-4252KI,T5
+6352UM,T15
-3829RY,T5
+8977KE,T15
-2999RY,T5
+0084FU,T15
-9596FU,T5
+7765KE,T21
-9989RY,T5
+0088KI,T5
-0095KI,T4
+8677OU,T5
-8959RY,T2
+7766OU,T5
-3546GI,T6
+0013GI,T5
-2113KE,T6
+1413TO,T5
-2213OU,T4
+0014FU,T5
-2514UM,T4
+5274UM,T5
-0055GI,T0
+5655GI,T5
-4655GI,T0
+6677OU,T5
-0086GI,T0
+7767OU,T5
-0066KY,T0
%TORYO
T0
#RESIGN
#LOSE
