LOGIN:tenuki OK
BEGIN Game_Summary
Protocol_Version:1.2
Protocol_Mode:Server
Format:Shogi 1.0
Declaration:Jishogi 1.1
Game_ID:WCSC34+L1_30-900-5F+Shueso+tenuki+20240503104031
Name+:Shueso
Name-:tenuki
Your_Turn:-
Rematch_On_Draw:NO
To_Move:+
Max_Moves:320
BEGIN Time
Time_Unit:1sec
Total_Time:900
Increment:5
END Time
BEGIN Position
P1-KY-KE-GI-KI-OU-KI-GI-KE-KY
P2 * -HI *  *  *  *  * -KA * 
P3-FU-FU-FU-FU-FU-FU-FU-FU-FU
P4 *  *  *  *  *  *  *  *  * 
P5 *  *  *  *  *  *  *  *  * 
P6 *  *  *  *  *  *  *  *  * 
P7+FU+FU+FU+FU+FU+FU+FU+FU+FU
P8 * +KA *  *  *  *  * +HI * 
P9+KY+KE+GI+KI+OU+KI+GI+KE+KY
P+
P-
+
END Position
END Game_Summary
START:WCSC34+L1_30-900-5F+Shueso+tenuki+20240503104031
+7776FU,T1
-3334FU,T0
+6766FU,T1
-8232HI,T0
+8877KA,T1
-3435FU,T0
+7968GI,T14
-7172GI,T16
+9796FU,T12
-9394FU,T29
+6867GI,T1
-1314FU,T34
+5968OU,T11
-5162OU,T17
+6878OU,T34
-6271OU,T14
+2726FU,T25
-4152KI,T21
+2625FU,T28
-3536FU,T22
+3948GI,T24
-2255KA,T30
+2827HI,T17
-3637TO,T14
+4837GI,T1
-5537UM,T14
+2737HI,T3
-3237RY,T14
+2937KE,T1
-0028HI,T16
+4958KI,T6
-0036FU,T14
+3745KE,T2
-3142GI,T14
+0033FU,T3
-2133KE,T14
+4533NK,T6
-4233GI,T14
+6665FU,T1
-3637TO,T14
+7733UM,T4
-3747TO,T14
+3355UM,T4
-0046GI,T14
+0082KA,T9
-7182OU,T14
+0074KE,T1
-8293OU,T14
+0082GI,T2
-9392OU,T14
+5546UM,T1
-0066KE,T14
+6766GI,T1
-0034KA,T17
+7877OU,T0
-4746TO,T14
+0093HI,T0
-8193KE,T14
+8293NG,T0
-9293OU,T14
+0085KE,T0
-9392OU,T14
+0093GI,T0
-9281OU,T14
+7482NK,T0
%TORYO
T0
#RESIGN
#LOSE
